2019-05-05 13:26:54.439  INFO 54956 --- [restartedMain] com.volunteer.VolunteerApplication       : Starting VolunteerApplication on DESKTOP-0U59GK5 with PID 54956 (D:\IDEAprogram\volunteer\target\classes started by DELL in D:\IDEAprogram\volunteer)
2019-05-05 13:26:54.440 DEBUG 54956 --- [restartedMain] com.volunteer.VolunteerApplication       : Running with Spring Boot v2.1.3.RELEASE, Spring v5.1.5.RELEASE
2019-05-05 13:26:54.440  INFO 54956 --- [restartedMain] com.volunteer.VolunteerApplication       : The following profiles are active: upload
2019-05-05 13:26:54.813  INFO 54956 --- [restartedMain] trationDelegate$BeanPostProcessorChecker : Bean 'shiroConfig' of type [com.volunteer.shiro.ShiroConfig$$EnhancerBySpringCGLIB$$606f2208] is not eligible for getting processed by all BeanPostProcessors (for example: not eligible for auto-proxying)
2019-05-05 13:26:55.030  INFO 54956 --- [restartedMain] trationDelegate$BeanPostProcessorChecker : Bean 'org.springframework.transaction.annotation.ProxyTransactionManagementConfiguration' of type [org.springframework.transaction.annotation.ProxyTransactionManagementConfiguration$$EnhancerBySpringCGLIB$$3b73b75e] is not eligible for getting processed by all BeanPostProcessors (for example: not eligible for auto-proxying)
2019-05-05 13:26:55.047  INFO 54956 --- [restartedMain] trationDelegate$BeanPostProcessorChecker : Bean 'mybatis-org.mybatis.spring.boot.autoconfigure.MybatisProperties' of type [org.mybatis.spring.boot.autoconfigure.MybatisProperties] is not eligible for getting processed by all BeanPostProcessors (for example: not eligible for auto-proxying)
2019-05-05 13:26:55.051  INFO 54956 --- [restartedMain] trationDelegate$BeanPostProcessorChecker : Bean 'org.mybatis.spring.boot.autoconfigure.MybatisAutoConfiguration' of type [org.mybatis.spring.boot.autoconfigure.MybatisAutoConfiguration$$EnhancerBySpringCGLIB$$6e48088e] is not eligible for getting processed by all BeanPostProcessors (for example: not eligible for auto-proxying)
2019-05-05 13:26:55.053  INFO 54956 --- [restartedMain] trationDelegate$BeanPostProcessorChecker : Bean 'org.springframework.boot.autoconfigure.jdbc.DataSourceConfiguration$Hikari' of type [org.springframework.boot.autoconfigure.jdbc.DataSourceConfiguration$Hikari] is not eligible for getting processed by all BeanPostProcessors (for example: not eligible for auto-proxying)
2019-05-05 13:26:55.059  INFO 54956 --- [restartedMain] trationDelegate$BeanPostProcessorChecker : Bean 'spring.datasource-org.springframework.boot.autoconfigure.jdbc.DataSourceProperties' of type [org.springframework.boot.autoconfigure.jdbc.DataSourceProperties] is not eligible for getting processed by all BeanPostProcessors (for example: not eligible for auto-proxying)
2019-05-05 13:26:55.063  INFO 54956 --- [restartedMain] trationDelegate$BeanPostProcessorChecker : Bean 'dataSource' of type [com.zaxxer.hikari.HikariDataSource] is not eligible for getting processed by all BeanPostProcessors (for example: not eligible for auto-proxying)
2019-05-05 13:26:55.068  INFO 54956 --- [restartedMain] trationDelegate$BeanPostProcessorChecker : Bean 'org.springframework.boot.autoconfigure.jdbc.DataSourceInitializerInvoker' of type [org.springframework.boot.autoconfigure.jdbc.DataSourceInitializerInvoker] is not eligible for getting processed by all BeanPostProcessors (for example: not eligible for auto-proxying)
2019-05-05 13:26:55.182  INFO 54956 --- [restartedMain] trationDelegate$BeanPostProcessorChecker : Bean 'sqlSessionFactory' of type [org.apache.ibatis.session.defaults.DefaultSqlSessionFactory] is not eligible for getting processed by all BeanPostProcessors (for example: not eligible for auto-proxying)
2019-05-05 13:26:55.184  INFO 54956 --- [restartedMain] trationDelegate$BeanPostProcessorChecker : Bean 'sqlSessionTemplate' of type [org.mybatis.spring.SqlSessionTemplate] is not eligible for getting processed by all BeanPostProcessors (for example: not eligible for auto-proxying)
2019-05-05 13:26:55.184  INFO 54956 --- [restartedMain] trationDelegate$BeanPostProcessorChecker : Bean 'usersMapper' of type [org.mybatis.spring.mapper.MapperFactoryBean] is not eligible for getting processed by all BeanPostProcessors (for example: not eligible for auto-proxying)
2019-05-05 13:26:55.185  INFO 54956 --- [restartedMain] trationDelegate$BeanPostProcessorChecker : Bean 'usersMapper' of type [com.sun.proxy.$Proxy111] is not eligible for getting processed by all BeanPostProcessors (for example: not eligible for auto-proxying)
2019-05-05 13:26:55.186  INFO 54956 --- [restartedMain] trationDelegate$BeanPostProcessorChecker : Bean 'userRealm' of type [com.volunteer.shiro.UserRealm] is not eligible for getting processed by all BeanPostProcessors (for example: not eligible for auto-proxying)
2019-05-05 13:26:55.188  INFO 54956 --- [restartedMain] trationDelegate$BeanPostProcessorChecker : Bean 'securityManager' of type [org.apache.shiro.web.mgt.DefaultWebSecurityManager] is not eligible for getting processed by all BeanPostProcessors (for example: not eligible for auto-proxying)
2019-05-05 13:26:55.351  INFO 54956 --- [restartedMain] o.s.b.w.embedded.tomcat.TomcatWebServer  : Tomcat initialized with port(s): 8080 (http)
2019-05-05 13:26:55.352  INFO 54956 --- [restartedMain] o.apache.catalina.core.StandardService   : Starting service [Tomcat]
2019-05-05 13:26:55.352  INFO 54956 --- [restartedMain] org.apache.catalina.core.StandardEngine  : Starting Servlet engine: [Apache Tomcat/9.0.16]
2019-05-05 13:26:55.376  INFO 54956 --- [restartedMain] o.a.c.c.C.[Tomcat].[localhost].[/]       : Initializing Spring embedded WebApplicationContext
2019-05-05 13:26:55.376  INFO 54956 --- [restartedMain] o.s.web.context.ContextLoader            : Root WebApplicationContext: initialization completed in 932 ms
2019-05-05 13:26:55.416  WARN 54956 --- [restartedMain] o.a.c.c.C.[Tomcat].[localhost].[/]       : Cannot deserialize session attribute [org.apache.shiro.subject.support.DefaultSubjectContext_PRINCIPALS_SESSION_KEY] for session [9CCA53B775922AB440226A92A1C7A99A]
2019-05-05 13:26:55.573  INFO 54956 --- [restartedMain] o.s.s.concurrent.ThreadPoolTaskExecutor  : Initializing ExecutorService 'applicationTaskExecutor'
2019-05-05 13:26:55.613  INFO 54956 --- [restartedMain] o.s.b.a.w.s.WelcomePageHandlerMapping    : Adding welcome page: class path resource [static/index.html]
2019-05-05 13:26:55.653  INFO 54956 --- [restartedMain] o.s.b.d.a.OptionalLiveReloadServer       : LiveReload server is running on port 35729
2019-05-05 13:26:55.732  INFO 54956 --- [restartedMain] o.s.b.w.embedded.tomcat.TomcatWebServer  : Tomcat started on port(s): 8080 (http) with context path ''
2019-05-05 13:26:55.733  INFO 54956 --- [restartedMain] com.volunteer.VolunteerApplication       : Started VolunteerApplication in 1.315 seconds (JVM running for 227.365)
2019-05-05 13:26:55.735  INFO 54956 --- [restartedMain] .ConditionEvaluationDeltaLoggingListener : Condition evaluation unchanged
2019-05-05 13:27:02.573  INFO 54956 --- [http-nio-8080-exec-2] o.a.c.c.C.[Tomcat].[localhost].[/]       : Initializing Spring DispatcherServlet 'dispatcherServlet'
2019-05-05 13:27:02.575  INFO 54956 --- [http-nio-8080-exec-2] o.s.web.servlet.DispatcherServlet        : Initializing Servlet 'dispatcherServlet'
2019-05-05 13:27:02.583  INFO 54956 --- [http-nio-8080-exec-2] o.s.web.servlet.DispatcherServlet        : Completed initialization in 8 ms
2019-05-05 13:27:02.591  INFO 54956 --- [http-nio-8080-exec-2] c.volunteer.controller.LoginController   : 22 66666
2019-05-05 13:27:02.592  INFO 54956 --- [http-nio-8080-exec-2] com.zaxxer.hikari.HikariDataSource       : HikariPool-3 - Starting...
2019-05-05 13:27:03.043  INFO 54956 --- [http-nio-8080-exec-2] com.zaxxer.hikari.HikariDataSource       : HikariPool-3 - Start completed.
2019-05-05 13:27:03.043 DEBUG 54956 --- [http-nio-8080-exec-2] c.v.dao.usersMapper.getuserbystudentid   : ==>  Preparing: select * from users where username=? 
2019-05-05 13:27:03.043 DEBUG 54956 --- [http-nio-8080-exec-2] c.v.dao.usersMapper.getuserbystudentid   : ==> Parameters: 22(Long)
2019-05-05 13:27:03.098 DEBUG 54956 --- [http-nio-8080-exec-2] c.v.dao.usersMapper.getuserbystudentid   : <==      Total: 1
2019-05-05 13:27:03.099 DEBUG 54956 --- [http-nio-8080-exec-2] c.v.dao.usersMapper.getuserbystudentid   : ==>  Preparing: select * from users where username=? 
2019-05-05 13:27:03.099 DEBUG 54956 --- [http-nio-8080-exec-2] c.v.dao.usersMapper.getuserbystudentid   : ==> Parameters: 22(Long)
2019-05-05 13:27:03.148 DEBUG 54956 --- [http-nio-8080-exec-2] c.v.dao.usersMapper.getuserbystudentid   : <==      Total: 1
2019-05-05 13:27:18.601  INFO 54608 --- [restartedMain] com.volunteer.VolunteerApplication       : Starting VolunteerApplication on DESKTOP-0U59GK5 with PID 54608 (D:\IDEAprogram\volunteer\target\classes started by DELL in D:\IDEAprogram\volunteer)
2019-05-05 13:27:18.605 DEBUG 54608 --- [restartedMain] com.volunteer.VolunteerApplication       : Running with Spring Boot v2.1.3.RELEASE, Spring v5.1.5.RELEASE
2019-05-05 13:27:18.605  INFO 54608 --- [restartedMain] com.volunteer.VolunteerApplication       : The following profiles are active: upload
2019-05-05 13:27:18.676  INFO 54608 --- [restartedMain] .e.DevToolsPropertyDefaultsPostProcessor : Devtools property defaults active! Set 'spring.devtools.add-properties' to 'false' to disable
2019-05-05 13:27:18.676  INFO 54608 --- [restartedMain] .e.DevToolsPropertyDefaultsPostProcessor : For additional web related logging consider setting the 'logging.level.web' property to 'DEBUG'
2019-05-05 13:27:19.891  INFO 54608 --- [restartedMain] trationDelegate$BeanPostProcessorChecker : Bean 'shiroConfig' of type [com.volunteer.shiro.ShiroConfig$$EnhancerBySpringCGLIB$$7886fc1f] is not eligible for getting processed by all BeanPostProcessors (for example: not eligible for auto-proxying)
2019-05-05 13:27:19.900  INFO 54608 --- [restartedMain] trationDelegate$BeanPostProcessorChecker : Bean 'org.springframework.transaction.annotation.ProxyTransactionManagementConfiguration' of type [org.springframework.transaction.annotation.ProxyTransactionManagementConfiguration$$EnhancerBySpringCGLIB$$538b9175] is not eligible for getting processed by all BeanPostProcessors (for example: not eligible for auto-proxying)
2019-05-05 13:27:20.013  INFO 54608 --- [restartedMain] trationDelegate$BeanPostProcessorChecker : Bean 'mybatis-org.mybatis.spring.boot.autoconfigure.MybatisProperties' of type [org.mybatis.spring.boot.autoconfigure.MybatisProperties] is not eligible for getting processed by all BeanPostProcessors (for example: not eligible for auto-proxying)
2019-05-05 13:27:20.021  INFO 54608 --- [restartedMain] trationDelegate$BeanPostProcessorChecker : Bean 'org.mybatis.spring.boot.autoconfigure.MybatisAutoConfiguration' of type [org.mybatis.spring.boot.autoconfigure.MybatisAutoConfiguration$$EnhancerBySpringCGLIB$$865fe2a5] is not eligible for getting processed by all BeanPostProcessors (for example: not eligible for auto-proxying)
2019-05-05 13:27:20.023  INFO 54608 --- [restartedMain] trationDelegate$BeanPostProcessorChecker : Bean 'org.springframework.boot.autoconfigure.jdbc.DataSourceConfiguration$Hikari' of type [org.springframework.boot.autoconfigure.jdbc.DataSourceConfiguration$Hikari] is not eligible for getting processed by all BeanPostProcessors (for example: not eligible for auto-proxying)
2019-05-05 13:27:20.038  INFO 54608 --- [restartedMain] trationDelegate$BeanPostProcessorChecker : Bean 'spring.datasource-org.springframework.boot.autoconfigure.jdbc.DataSourceProperties' of type [org.springframework.boot.autoconfigure.jdbc.DataSourceProperties] is not eligible for getting processed by all BeanPostProcessors (for example: not eligible for auto-proxying)
2019-05-05 13:27:20.060  INFO 54608 --- [restartedMain] trationDelegate$BeanPostProcessorChecker : Bean 'dataSource' of type [com.zaxxer.hikari.HikariDataSource] is not eligible for getting processed by all BeanPostProcessors (for example: not eligible for auto-proxying)
2019-05-05 13:27:20.071  INFO 54608 --- [restartedMain] trationDelegate$BeanPostProcessorChecker : Bean 'org.springframework.boot.autoconfigure.jdbc.DataSourceInitializerInvoker' of type [org.springframework.boot.autoconfigure.jdbc.DataSourceInitializerInvoker] is not eligible for getting processed by all BeanPostProcessors (for example: not eligible for auto-proxying)
2019-05-05 13:27:20.290  INFO 54608 --- [restartedMain] trationDelegate$BeanPostProcessorChecker : Bean 'sqlSessionFactory' of type [org.apache.ibatis.session.defaults.DefaultSqlSessionFactory] is not eligible for getting processed by all BeanPostProcessors (for example: not eligible for auto-proxying)
2019-05-05 13:27:20.294  INFO 54608 --- [restartedMain] trationDelegate$BeanPostProcessorChecker : Bean 'sqlSessionTemplate' of type [org.mybatis.spring.SqlSessionTemplate] is not eligible for getting processed by all BeanPostProcessors (for example: not eligible for auto-proxying)
2019-05-05 13:27:20.296  INFO 54608 --- [restartedMain] trationDelegate$BeanPostProcessorChecker : Bean 'usersMapper' of type [org.mybatis.spring.mapper.MapperFactoryBean] is not eligible for getting processed by all BeanPostProcessors (for example: not eligible for auto-proxying)
2019-05-05 13:27:20.297  INFO 54608 --- [restartedMain] trationDelegate$BeanPostProcessorChecker : Bean 'usersMapper' of type [com.sun.proxy.$Proxy60] is not eligible for getting processed by all BeanPostProcessors (for example: not eligible for auto-proxying)
2019-05-05 13:27:20.299  INFO 54608 --- [restartedMain] trationDelegate$BeanPostProcessorChecker : Bean 'userRealm' of type [com.volunteer.shiro.UserRealm] is not eligible for getting processed by all BeanPostProcessors (for example: not eligible for auto-proxying)
2019-05-05 13:27:20.702  INFO 54608 --- [restartedMain] trationDelegate$BeanPostProcessorChecker : Bean 'securityManager' of type [org.apache.shiro.web.mgt.DefaultWebSecurityManager] is not eligible for getting processed by all BeanPostProcessors (for example: not eligible for auto-proxying)
2019-05-05 13:27:21.028  INFO 54608 --- [restartedMain] o.s.b.w.embedded.tomcat.TomcatWebServer  : Tomcat initialized with port(s): 8080 (http)
2019-05-05 13:27:21.052  INFO 54608 --- [restartedMain] o.apache.catalina.core.StandardService   : Starting service [Tomcat]
2019-05-05 13:27:21.053  INFO 54608 --- [restartedMain] org.apache.catalina.core.StandardEngine  : Starting Servlet engine: [Apache Tomcat/9.0.16]
2019-05-05 13:27:21.151  INFO 54608 --- [restartedMain] o.a.catalina.core.AprLifecycleListener   : The APR based Apache Tomcat Native library which allows optimal performance in production environments was not found on the java.library.path: [C:\Program Files\Java\jdk1.8.0_171\bin;C:\WINDOWS\Sun\Java\bin;C:\WINDOWS\system32;C:\WINDOWS;D:\app\DELL\product\11.2.0\dbhome_1\bin;C:\Program Files (x86)\Common Files\Oracle\Java\javapath;C:\WINDOWS\system32;C:\WINDOWS;C:\WINDOWS\System32\Wbem;C:\WINDOWS\System32\WindowsPowerShell\v1.0\；C:\Program Files\Java\jdk1.8.0_171\bin;;JAVA_HOME%\jre\bin;C:\Program Files\dotnet\;C:\WINDOWS\System32\WindowsPowerShell\v1.0\;D:\apache-maven-3.5.4\bin;C:\Program Files\MySQL\MySQL Server 8.0\bin\bin;D:\Microsoft VS Code\bin;C:\Program Files\Microsoft SQL Server\130\Tools\Binn\;C:\WINDOWS\System32\OpenSSH\;F:\redis\;F:\Git\cmd;D:\pycharm\Scripts\;D:\pycharm\;C:\Users\DELL\AppData\Local\Microsoft\WindowsApps;D:\Fiddler;%USERPROFILE%\AppData\Local\Microsoft\WindowsApps;;.]
2019-05-05 13:27:21.267  INFO 54608 --- [restartedMain] o.a.c.c.C.[Tomcat].[localhost].[/]       : Initializing Spring embedded WebApplicationContext
2019-05-05 13:27:21.267  INFO 54608 --- [restartedMain] o.s.web.context.ContextLoader            : Root WebApplicationContext: initialization completed in 2591 ms
2019-05-05 13:27:21.567  INFO 54608 --- [restartedMain] o.s.s.concurrent.ThreadPoolTaskExecutor  : Initializing ExecutorService 'applicationTaskExecutor'
2019-05-05 13:27:21.679  INFO 54608 --- [restartedMain] o.s.b.a.w.s.WelcomePageHandlerMapping    : Adding welcome page: class path resource [static/index.html]
2019-05-05 13:27:21.769  INFO 54608 --- [restartedMain] o.s.b.d.a.OptionalLiveReloadServer       : LiveReload server is running on port 35729
2019-05-05 13:27:21.845  INFO 54608 --- [restartedMain] o.s.b.w.embedded.tomcat.TomcatWebServer  : Tomcat started on port(s): 8080 (http) with context path ''
2019-05-05 13:27:21.847  INFO 54608 --- [restartedMain] com.volunteer.VolunteerApplication       : Started VolunteerApplication in 3.798 seconds (JVM running for 4.869)
2019-05-05 13:27:30.140  INFO 54608 --- [http-nio-8080-exec-2] o.a.c.c.C.[Tomcat].[localhost].[/]       : Initializing Spring DispatcherServlet 'dispatcherServlet'
2019-05-05 13:27:30.140  INFO 54608 --- [http-nio-8080-exec-2] o.s.web.servlet.DispatcherServlet        : Initializing Servlet 'dispatcherServlet'
2019-05-05 13:27:30.147  INFO 54608 --- [http-nio-8080-exec-2] o.s.web.servlet.DispatcherServlet        : Completed initialization in 7 ms
2019-05-05 13:27:30.216  INFO 54608 --- [http-nio-8080-exec-2] c.volunteer.controller.LoginController   : 22 66666
2019-05-05 13:27:30.231  INFO 54608 --- [http-nio-8080-exec-2] com.zaxxer.hikari.HikariDataSource       : HikariPool-1 - Starting...
2019-05-05 13:27:30.810  INFO 54608 --- [http-nio-8080-exec-2] com.zaxxer.hikari.HikariDataSource       : HikariPool-1 - Start completed.
2019-05-05 13:27:30.815 DEBUG 54608 --- [http-nio-8080-exec-2] c.v.dao.usersMapper.getuserbystudentid   : ==>  Preparing: select * from users where username=? 
2019-05-05 13:27:30.832 DEBUG 54608 --- [http-nio-8080-exec-2] c.v.dao.usersMapper.getuserbystudentid   : ==> Parameters: 22(Long)
2019-05-05 13:27:30.884 DEBUG 54608 --- [http-nio-8080-exec-2] c.v.dao.usersMapper.getuserbystudentid   : <==      Total: 1
2019-05-05 13:27:30.891 DEBUG 54608 --- [http-nio-8080-exec-2] c.v.dao.usersMapper.getuserbystudentid   : ==>  Preparing: select * from users where username=? 
2019-05-05 13:27:30.891 DEBUG 54608 --- [http-nio-8080-exec-2] c.v.dao.usersMapper.getuserbystudentid   : ==> Parameters: 22(Long)
2019-05-05 13:27:30.942 DEBUG 54608 --- [http-nio-8080-exec-2] c.v.dao.usersMapper.getuserbystudentid   : <==      Total: 1
2019-05-05 13:28:17.644  INFO 54608 --- [Thread-14] o.s.s.concurrent.ThreadPoolTaskExecutor  : Shutting down ExecutorService 'applicationTaskExecutor'
2019-05-05 13:28:17.649  INFO 54608 --- [Thread-14] com.zaxxer.hikari.HikariDataSource       : HikariPool-1 - Shutdown initiated...
2019-05-05 13:28:17.674  INFO 54608 --- [Thread-14] com.zaxxer.hikari.HikariDataSource       : HikariPool-1 - Shutdown completed.
